android/app/build/intermediates/manifest_merge_blame_file/debug/manifest-merger-blame-debug-report.txt
1<?xml version="1.0" encoding="utf-8"?>
2<manifest xmlns:android="http://schemas.android.com/apk/res/android"
3    package="com.pravisht.MhbMobile"
4    android:versionCode="46"
5    android:versionName="6.7.0" >
6
7    <uses-sdk
8        android:minSdkVersion="26"
9        android:targetSdkVersion="33" />
10
11    <uses-permission android:name="android.permission.SYSTEM_ALERT_WINDOW" />
11-->src/debug/AndroidManifest.xml:5:5-77
11-->src/debug/AndroidManifest.xml:5:22-75
12    <uses-permission android:name="android.permission.CAMERA" />
12-->src/main/AndroidManifest.xml:3:5-65
12-->src/main/AndroidManifest.xml:3:22-62
13    <uses-permission android:name="android.permission.INTERNET" />
13-->src/main/AndroidManifest.xml:4:5-67
13-->src/main/AndroidManifest.xml:4:22-64
14    <uses-permission android:name="android.permission.RECORD_AUDIO" />
14-->src/main/AndroidManifest.xml:5:5-70
14-->src/main/AndroidManifest.xml:5:22-68
15    <uses-permission android:name="android.permission.READ_MEDIA_IMAGES" />
15-->src/main/AndroidManifest.xml:6:5-76
15-->src/main/AndroidManifest.xml:6:22-73
16    <uses-permission android:name="android.permission.READ_MEDIA_VIDEO" />
16-->src/main/AndroidManifest.xml:7:5-75
16-->src/main/AndroidManifest.xml:7:22-72
17    <uses-permission
17-->src/main/AndroidManifest.xml:8:5-9:34
18        android:name="android.permission.READ_EXTERNAL_STORAGE"
18-->src/main/AndroidManifest.xml:8:22-77
19        android:maxSdkVersion="32" />
19-->src/main/AndroidManifest.xml:9:5-31
20    <uses-permission android:name="android.permission.WRITE_EXTERNAL_STORAGE" />
20-->src/main/AndroidManifest.xml:10:5-80
20-->src/main/AndroidManifest.xml:10:22-78
21    <uses-permission android:name="android.permission.ACCESS_WIFI_STATE" />
21-->[com.facebook.flipper:flipper:0.125.0] AndroidManifest.xml:16:5-76
21-->[com.facebook.flipper:flipper:0.125.0] AndroidManifest.xml:16:22-73
22    <uses-permission android:name="android.permission.ACCESS_NETWORK_STATE" />
22-->[:react-native-firebase_analytics] AndroidManifest.xml:9:5-79
22-->[:react-native-firebase_analytics] AndroidManifest.xml:9:22-76
23    <uses-permission android:name="android.permission.WAKE_LOCK" />
23-->[:react-native-firebase_analytics] AndroidManifest.xml:11:5-68
23-->[:react-native-firebase_analytics] AndroidManifest.xml:11:22-65
24
25    <uses-feature
25-->[:react-native-camera] AndroidManifest.xml:11:5-13:36
26        android:name="android.hardware.camera"
26-->[:react-native-camera] AndroidManifest.xml:12:9-47
27        android:required="false" />
27-->[:react-native-camera] AndroidManifest.xml:13:9-33
28    <uses-feature
28-->[:react-native-camera] AndroidManifest.xml:14:5-16:36
29        android:name="android.hardware.camera.autofocus"
29-->[:react-native-camera] AndroidManifest.xml:15:9-57
30        android:required="false" /> <!-- Required to access Google Play Licensing -->
30-->[:react-native-camera] AndroidManifest.xml:16:9-33
31    <uses-permission android:name="com.android.vending.CHECK_LICENSE" />
31-->[:rn-fetch-blob] AndroidManifest.xml:10:5-73
31-->[:rn-fetch-blob] AndroidManifest.xml:10:22-70
32
33    <queries>
33-->[:react-native-health-connect] AndroidManifest.xml:9:5-11:15
34        <package android:name="com.google.android.apps.healthdata" />
34-->[:react-native-health-connect] AndroidManifest.xml:10:9-70
34-->[:react-native-health-connect] AndroidManifest.xml:10:18-67
35        <package android:name="com.google.android.gms.policy_cast_dynamite" />
35-->[com.google.android.gms:play-services-cast-framework:21.5.0] AndroidManifest.xml:11:9-79
35-->[com.google.android.gms:play-services-cast-framework:21.5.0] AndroidManifest.xml:11:18-76
36
37        <intent>
37-->[com.razorpay:checkout:1.6.39] AndroidManifest.xml:11:9-17:18
38            <action android:name="android.intent.action.VIEW" />
38-->[com.razorpay:checkout:1.6.39] AndroidManifest.xml:12:13-65
38-->[com.razorpay:checkout:1.6.39] AndroidManifest.xml:12:21-62
39
40            <data
40-->[com.razorpay:checkout:1.6.39] AndroidManifest.xml:14:13-16:38
41                android:mimeType="*/*"
41-->[com.razorpay:checkout:1.6.39] AndroidManifest.xml:15:17-39
42                android:scheme="*" />
42-->[com.razorpay:checkout:1.6.39] AndroidManifest.xml:16:17-35
43        </intent>
44        <intent>
44-->[com.razorpay:checkout:1.6.39] AndroidManifest.xml:18:9-27:18
45            <action android:name="android.intent.action.VIEW" />
45-->[com.razorpay:checkout:1.6.39] AndroidManifest.xml:12:13-65
45-->[com.razorpay:checkout:1.6.39] AndroidManifest.xml:12:21-62
46
47            <category android:name="android.intent.category.BROWSABLE" />
47-->[com.razorpay:checkout:1.6.39] AndroidManifest.xml:21:13-74
47-->[com.razorpay:checkout:1.6.39] AndroidManifest.xml:21:23-71
48
49            <data
49-->[com.razorpay:checkout:1.6.39] AndroidManifest.xml:14:13-16:38
50                android:host="pay"
51                android:mimeType="*/*"
51-->[com.razorpay:checkout:1.6.39] AndroidManifest.xml:15:17-39
52                android:scheme="upi" />
52-->[com.razorpay:checkout:1.6.39] AndroidManifest.xml:16:17-35
53        </intent>
54        <intent>
54-->[com.razorpay:checkout:1.6.39] AndroidManifest.xml:28:9-30:18
55            <action android:name="android.intent.action.MAIN" />
55-->src/main/AndroidManifest.xml:26:13-65
55-->src/main/AndroidManifest.xml:26:21-62
56        </intent>
57        <intent>
57-->[com.razorpay:checkout:1.6.39] AndroidManifest.xml:31:9-35:18
58            <action android:name="android.intent.action.SEND" />
58-->[com.razorpay:checkout:1.6.39] AndroidManifest.xml:32:13-65
58-->[com.razorpay:checkout:1.6.39] AndroidManifest.xml:32:21-62
59
60            <data android:mimeType="*/*" />
60-->[com.razorpay:checkout:1.6.39] AndroidManifest.xml:14:13-16:38
60-->[com.razorpay:checkout:1.6.39] AndroidManifest.xml:15:17-39
61        </intent>
62        <intent>
62-->[com.razorpay:checkout:1.6.39] AndroidManifest.xml:36:9-38:18
63            <action android:name="rzp.device_token.share" />
63-->[com.razorpay:checkout:1.6.39] AndroidManifest.xml:37:13-61
63-->[com.razorpay:checkout:1.6.39] AndroidManifest.xml:37:21-58
64        </intent>
65    </queries>
66
67    <uses-permission android:name="android.permission.FOREGROUND_SERVICE" /> <!-- Required by older versions of Google Play services to create IID tokens -->
67-->[com.google.android.gms:play-services-cast-framework:21.5.0] AndroidManifest.xml:8:5-77
67-->[com.google.android.gms:play-services-cast-framework:21.5.0] AndroidManifest.xml:8:22-74
68    <uses-permission android:name="com.google.android.c2dm.permission.RECEIVE" />
68-->[com.google.android.gms:play-services-iid:17.0.0] AndroidManifest.xml:23:5-82
68-->[com.google.android.gms:play-services-iid:17.0.0] AndroidManifest.xml:23:22-79
69    <uses-permission android:name="android.permission.POST_NOTIFICATIONS" />
69-->[com.google.firebase:firebase-messaging:23.1.2] AndroidManifest.xml:25:5-77
69-->[com.google.firebase:firebase-messaging:23.1.2] AndroidManifest.xml:25:22-74
70
71    <uses-feature
71-->[com.google.android.gms:play-services-maps:17.0.0] AndroidManifest.xml:26:5-28:35
72        android:glEsVersion="0x00020000"
72-->[com.google.android.gms:play-services-maps:17.0.0] AndroidManifest.xml:27:9-41
73        android:required="true" />
73-->[com.google.android.gms:play-services-maps:17.0.0] AndroidManifest.xml:28:9-32
74
75    <uses-permission android:name="com.google.android.gms.permission.AD_ID" />
75-->[com.google.android.gms:play-services-measurement-api:21.2.1] AndroidManifest.xml:25:5-79
75-->[com.google.android.gms:play-services-measurement-api:21.2.1] AndroidManifest.xml:25:22-76
76    <uses-permission android:name="com.google.android.finsky.permission.BIND_GET_INSTALL_REFERRER_SERVICE" />
76-->[com.google.android.gms:play-services-measurement:21.2.1] AndroidManifest.xml:26:5-110
76-->[com.google.android.gms:play-services-measurement:21.2.1] AndroidManifest.xml:26:22-107
77    <uses-permission android:name="android.permission.RECEIVE_BOOT_COMPLETED" />
77-->[androidx.work:work-runtime:2.8.0] AndroidManifest.xml:25:5-81
77-->[androidx.work:work-runtime:2.8.0] AndroidManifest.xml:25:22-78
78
79    <permission
79-->[androidx.core:core:1.12.0-alpha05] AndroidManifest.xml:22:5-24:47
80        android:name="com.pravisht.MhbMobile.DYNAMIC_RECEIVER_NOT_EXPORTED_PERMISSION"
80-->[androidx.core:core:1.12.0-alpha05] AndroidManifest.xml:23:9-81
81        android:protectionLevel="signature" />
81-->[androidx.core:core:1.12.0-alpha05] AndroidManifest.xml:24:9-44
82
83    <uses-permission android:name="com.pravisht.MhbMobile.DYNAMIC_RECEIVER_NOT_EXPORTED_PERMISSION" />
83-->[androidx.core:core:1.12.0-alpha05] AndroidManifest.xml:26:5-97
83-->[androidx.core:core:1.12.0-alpha05] AndroidManifest.xml:26:22-94
84    <uses-permission android:name="android.permission.VIBRATE" />
84-->[app.notifee:core:202108261754] AndroidManifest.xml:13:5-66
84-->[app.notifee:core:202108261754] AndroidManifest.xml:13:22-63
85    <uses-permission android:name="android.permission.USE_FULL_SCREEN_INTENT" />
85-->[app.notifee:core:202108261754] AndroidManifest.xml:16:5-81
85-->[app.notifee:core:202108261754] AndroidManifest.xml:16:22-78
86    <uses-permission android:name="android.permission.SCHEDULE_EXACT_ALARM" />
86-->[app.notifee:core:202108261754] AndroidManifest.xml:17:5-79
86-->[app.notifee:core:202108261754] AndroidManifest.xml:17:22-76
87    <uses-permission
87-->[app.notifee:core:202108261754] AndroidManifest.xml:18:5-20:38
88        android:name="android.permission.BROADCAST_CLOSE_SYSTEM_DIALOGS"
88-->[app.notifee:core:202108261754] AndroidManifest.xml:19:9-73
89        android:maxSdkVersion="30" /> <!-- For Xiaomi devices to enable heads-up notifications as default (https://github.com/invertase/notifee/issues/296) -->
89-->[app.notifee:core:202108261754] AndroidManifest.xml:20:9-35
90    <uses-permission
90-->[app.notifee:core:202108261754] AndroidManifest.xml:22:5-24:38
91        android:name="android.permission.ACCESS_NOTIFICATION_POLICY"
91-->[app.notifee:core:202108261754] AndroidManifest.xml:23:9-69
92        android:minSdkVersion="23" />
92-->[app.notifee:core:202108261754] AndroidManifest.xml:24:9-35
93
94    <application
94-->src/main/AndroidManifest.xml:12:5-41:19
95        android:name="com.pravisht.MhbMobile.MainApplication"
95-->src/main/AndroidManifest.xml:13:7-38
96        android:allowBackup="false"
96-->src/main/AndroidManifest.xml:17:7-34
97        android:appComponentFactory="androidx.core.app.CoreComponentFactory"
97-->[androidx.core:core:1.12.0-alpha05] AndroidManifest.xml:28:18-86
98        android:debuggable="true"
99        android:extractNativeLibs="false"
100        android:icon="@mipmap/ic_launcher"
100-->src/main/AndroidManifest.xml:15:7-41
101        android:label="@string/app_name"
101-->src/main/AndroidManifest.xml:14:7-39
102        android:networkSecurityConfig="@xml/network_security_config"
102-->src/main/AndroidManifest.xml:19:7-67
103        android:roundIcon="@mipmap/ic_launcher_round"
103-->src/main/AndroidManifest.xml:16:7-52
104        android:theme="@style/AppTheme"
104-->src/main/AndroidManifest.xml:18:7-38
105        android:usesCleartextTraffic="true" >
105-->src/debug/AndroidManifest.xml:8:9-44
106        <activity
106-->src/debug/AndroidManifest.xml:12:9-111
107            android:name="com.facebook.react.devsupport.DevSettingsActivity"
107-->src/debug/AndroidManifest.xml:12:19-83
108            android:exported="false" />
108-->src/debug/AndroidManifest.xml:12:84-108
109        <activity
109-->src/main/AndroidManifest.xml:20:7-29:18
110            android:name="com.pravisht.MhbMobile.SplashActivity"
110-->src/main/AndroidManifest.xml:21:9-39
111            android:exported="true"
111-->src/main/AndroidManifest.xml:24:9-32
112            android:label="@string/app_name"
112-->src/main/AndroidManifest.xml:23:9-41
113            android:theme="@style/SplashTheme" >
113-->src/main/AndroidManifest.xml:22:9-43
114            <intent-filter>
114-->src/main/AndroidManifest.xml:25:11-28:27
115                <action android:name="android.intent.action.MAIN" />
115-->src/main/AndroidManifest.xml:26:13-65
115-->src/main/AndroidManifest.xml:26:21-62
116
117                <category android:name="android.intent.category.LAUNCHER" />
117-->src/main/AndroidManifest.xml:27:13-73
117-->src/main/AndroidManifest.xml:27:23-70
118            </intent-filter>
119        </activity>
120        <activity
120-->src/main/AndroidManifest.xml:30:7-37:18
121            android:name="com.pravisht.MhbMobile.MainActivity"
121-->src/main/AndroidManifest.xml:31:9-37
122            android:configChanges="keyboard|keyboardHidden|orientation|screenLayout|screenSize|smallestScreenSize|uiMode"
122-->src/main/AndroidManifest.xml:33:9-118
123            android:exported="true"
123-->src/main/AndroidManifest.xml:36:9-32
124            android:label="@string/app_name"
124-->src/main/AndroidManifest.xml:32:9-41
125            android:launchMode="singleTask"
125-->src/main/AndroidManifest.xml:34:9-40
126            android:windowSoftInputMode="adjustResize" >
126-->src/main/AndroidManifest.xml:35:9-51
127        </activity>
128
129        <meta-data
129-->src/main/AndroidManifest.xml:38:7-40:80
130            android:name="com.google.android.gms.cast.framework.OPTIONS_PROVIDER_CLASS_NAME"
130-->src/main/AndroidManifest.xml:39:9-89
131            android:value="com.reactnative.googlecast.GoogleCastOptionsProvider" />
131-->src/main/AndroidManifest.xml:40:9-77
132
133        <provider
133-->[:notifee_react-native] AndroidManifest.xml:10:9-14:40
134            android:name="io.invertase.notifee.NotifeeInitProvider"
134-->[:notifee_react-native] AndroidManifest.xml:11:13-68
135            android:authorities="com.pravisht.MhbMobile.notifee-init-provider"
135-->[:notifee_react-native] AndroidManifest.xml:12:13-73
136            android:exported="false"
136-->[:notifee_react-native] AndroidManifest.xml:13:13-37
137            android:initOrder="-100" />
137-->[:notifee_react-native] AndroidManifest.xml:14:13-37
138
139        <meta-data
139-->[:react-native-firebase_analytics] AndroidManifest.xml:14:9-16:36
140            android:name="firebase_analytics_collection_enabled"
140-->[:react-native-firebase_analytics] AndroidManifest.xml:15:13-65
141            android:value="true" />
141-->[:react-native-firebase_analytics] AndroidManifest.xml:16:13-33
142        <meta-data
142-->[:react-native-firebase_analytics] AndroidManifest.xml:17:9-19:37
143            android:name="firebase_analytics_collection_deactivated"
143-->[:react-native-firebase_analytics] AndroidManifest.xml:18:13-69
144            android:value="false" />
144-->[:react-native-firebase_analytics] AndroidManifest.xml:19:13-34
145        <meta-data
145-->[:react-native-firebase_analytics] AndroidManifest.xml:20:9-22:36
146            android:name="google_analytics_adid_collection_enabled"
146-->[:react-native-firebase_analytics] AndroidManifest.xml:21:13-68
147            android:value="true" />
147-->[:react-native-firebase_analytics] AndroidManifest.xml:22:13-33
148        <meta-data
148-->[:react-native-firebase_analytics] AndroidManifest.xml:23:9-25:36
149            android:name="google_analytics_ssaid_collection_enabled"
149-->[:react-native-firebase_analytics] AndroidManifest.xml:24:13-69
150            android:value="true" />
150-->[:react-native-firebase_analytics] AndroidManifest.xml:25:13-33
151        <meta-data
151-->[:react-native-firebase_analytics] AndroidManifest.xml:26:9-28:36
152            android:name="google_analytics_default_allow_ad_personalization_signals"
152-->[:react-native-firebase_analytics] AndroidManifest.xml:27:13-85
153            android:value="true" />
153-->[:react-native-firebase_analytics] AndroidManifest.xml:28:13-33
154        <meta-data
154-->[:react-native-firebase_analytics] AndroidManifest.xml:29:9-31:36
155            android:name="google_analytics_automatic_screen_reporting_enabled"
155-->[:react-native-firebase_analytics] AndroidManifest.xml:30:13-79
156            android:value="true" /> <!-- Disable crashlytics by default so we can custom init with CrashlyticsNdk support -->
156-->[:react-native-firebase_analytics] AndroidManifest.xml:31:13-33
157        <meta-data
157-->[:react-native-firebase_crashlytics] AndroidManifest.xml:12:9-14:37
158            android:name="firebase_crashlytics_collection_enabled"
158-->[:react-native-firebase_crashlytics] AndroidManifest.xml:13:13-67
159            android:value="false" />
159-->[:react-native-firebase_crashlytics] AndroidManifest.xml:14:13-34
160
161        <provider
161-->[:react-native-firebase_crashlytics] AndroidManifest.xml:16:9-20:38
162            android:name="io.invertase.firebase.crashlytics.ReactNativeFirebaseCrashlyticsInitProvider"
162-->[:react-native-firebase_crashlytics] AndroidManifest.xml:17:13-104
163            android:authorities="com.pravisht.MhbMobile.reactnativefirebasecrashlyticsinitprovider"
163-->[:react-native-firebase_crashlytics] AndroidManifest.xml:18:13-94
164            android:exported="false"
164-->[:react-native-firebase_crashlytics] AndroidManifest.xml:19:13-37
165            android:initOrder="98" />
165-->[:react-native-firebase_crashlytics] AndroidManifest.xml:20:13-35
166
167        <service
167-->[:react-native-firebase_messaging] AndroidManifest.xml:14:9-16:40
168            android:name="io.invertase.firebase.messaging.ReactNativeFirebaseMessagingHeadlessService"
168-->[:react-native-firebase_messaging] AndroidManifest.xml:15:13-103
169            android:exported="false" />
169-->[:react-native-firebase_messaging] AndroidManifest.xml:16:13-37
170        <service
170-->[:react-native-firebase_messaging] AndroidManifest.xml:17:9-23:19
171            android:name="io.invertase.firebase.messaging.ReactNativeFirebaseMessagingService"
171-->[:react-native-firebase_messaging] AndroidManifest.xml:18:13-95
172            android:exported="false" >
172-->[:react-native-firebase_messaging] AndroidManifest.xml:19:13-37
173            <intent-filter>
173-->[:react-native-firebase_messaging] AndroidManifest.xml:20:13-22:29
174                <action android:name="com.google.firebase.MESSAGING_EVENT" />
174-->[:react-native-firebase_messaging] AndroidManifest.xml:21:17-78
174-->[:react-native-firebase_messaging] AndroidManifest.xml:21:25-75
175            </intent-filter>
176        </service>
177
178        <receiver
178-->[:react-native-firebase_messaging] AndroidManifest.xml:25:9-32:20
179            android:name="io.invertase.firebase.messaging.ReactNativeFirebaseMessagingReceiver"
179-->[:react-native-firebase_messaging] AndroidManifest.xml:26:13-96
180            android:exported="true"
180-->[:react-native-firebase_messaging] AndroidManifest.xml:27:13-36
181            android:permission="com.google.android.c2dm.permission.SEND" >
181-->[:react-native-firebase_messaging] AndroidManifest.xml:28:13-73
182            <intent-filter>
182-->[:react-native-firebase_messaging] AndroidManifest.xml:29:13-31:29
183                <action android:name="com.google.android.c2dm.intent.RECEIVE" />
183-->[:react-native-firebase_messaging] AndroidManifest.xml:30:17-81
183-->[:react-native-firebase_messaging] AndroidManifest.xml:30:25-78
184            </intent-filter>
185        </receiver>
186
187        <meta-data
187-->[:react-native-firebase_messaging] AndroidManifest.xml:34:9-36:36
188            android:name="firebase_messaging_auto_init_enabled"
188-->[:react-native-firebase_messaging] AndroidManifest.xml:35:13-64
189            android:value="true" />
189-->[:react-native-firebase_messaging] AndroidManifest.xml:36:13-33
190        <meta-data
190-->[:react-native-firebase_messaging] AndroidManifest.xml:37:9-39:32
191            android:name="com.google.firebase.messaging.default_notification_channel_id"
191-->[:react-native-firebase_messaging] AndroidManifest.xml:38:13-89
192            android:value="" />
192-->[:react-native-firebase_messaging] AndroidManifest.xml:39:13-29
193        <meta-data
193-->[:react-native-firebase_messaging] AndroidManifest.xml:40:9-42:47
194            android:name="com.google.firebase.messaging.default_notification_color"
194-->[:react-native-firebase_messaging] AndroidManifest.xml:41:13-84
195            android:resource="@color/white" />
195-->[:react-native-firebase_messaging] AndroidManifest.xml:42:13-44
196        <meta-data
196-->[:react-native-firebase_app] AndroidManifest.xml:11:9-13:36
197            android:name="app_data_collection_default_enabled"
197-->[:react-native-firebase_app] AndroidManifest.xml:12:13-63
198            android:value="true" />
198-->[:react-native-firebase_app] AndroidManifest.xml:13:13-33
199
200        <service
200-->[:react-native-firebase_app] AndroidManifest.xml:15:9-23:19
201            android:name="com.google.firebase.components.ComponentDiscoveryService"
201-->[:react-native-firebase_app] AndroidManifest.xml:16:13-84
202            android:directBootAware="true"
202-->[:react-native-firebase_app] AndroidManifest.xml:17:13-43
203            android:exported="false" >
203-->[:react-native-firebase_app] AndroidManifest.xml:18:13-37
204            <meta-data
204-->[:react-native-firebase_app] AndroidManifest.xml:20:13-22:85
205                android:name="com.google.firebase.components:io.invertase.firebase.app.ReactNativeFirebaseAppRegistrar"
205-->[:react-native-firebase_app] AndroidManifest.xml:21:17-120
206                android:value="com.google.firebase.components.ComponentRegistrar" />
206-->[:react-native-firebase_app] AndroidManifest.xml:22:17-82
207            <meta-data
207-->[com.google.firebase:firebase-messaging:23.1.2] AndroidManifest.xml:55:13-57:85
208                android:name="com.google.firebase.components:com.google.firebase.messaging.FirebaseMessagingRegistrar"
208-->[com.google.firebase:firebase-messaging:23.1.2] AndroidManifest.xml:56:17-119
209                android:value="com.google.firebase.components.ComponentRegistrar" />
209-->[com.google.firebase:firebase-messaging:23.1.2] AndroidManifest.xml:57:17-82
210            <meta-data
210-->[com.google.firebase:firebase-database:20.1.0] AndroidManifest.xml:31:13-33:85
211                android:name="com.google.firebase.components:com.google.firebase.database.DatabaseRegistrar"
211-->[com.google.firebase:firebase-database:20.1.0] AndroidManifest.xml:32:17-109
212                android:value="com.google.firebase.components.ComponentRegistrar" />
212-->[com.google.firebase:firebase-database:20.1.0] AndroidManifest.xml:33:17-82
213            <meta-data
213-->[com.google.firebase:firebase-crashlytics-ndk:18.3.6] AndroidManifest.xml:34:13-36:85
214                android:name="com.google.firebase.components:com.google.firebase.crashlytics.ndk.CrashlyticsNdkRegistrar"
214-->[com.google.firebase:firebase-crashlytics-ndk:18.3.6] AndroidManifest.xml:35:17-122
215                android:value="com.google.firebase.components.ComponentRegistrar" />
215-->[com.google.firebase:firebase-crashlytics-ndk:18.3.6] AndroidManifest.xml:36:17-82
216            <meta-data
216-->[com.google.firebase:firebase-crashlytics:18.3.6] AndroidManifest.xml:17:13-19:85
217                android:name="com.google.firebase.components:com.google.firebase.crashlytics.CrashlyticsRegistrar"
217-->[com.google.firebase:firebase-crashlytics:18.3.6] AndroidManifest.xml:18:17-115
218                android:value="com.google.firebase.components.ComponentRegistrar" />
218-->[com.google.firebase:firebase-crashlytics:18.3.6] AndroidManifest.xml:19:17-82
219            <meta-data
219-->[com.google.android.gms:play-services-measurement-api:21.2.1] AndroidManifest.xml:31:13-33:85
220                android:name="com.google.firebase.components:com.google.firebase.analytics.connector.internal.AnalyticsConnectorRegistrar"
220-->[com.google.android.gms:play-services-measurement-api:21.2.1] AndroidManifest.xml:32:17-139
221                android:value="com.google.firebase.components.ComponentRegistrar" />
221-->[com.google.android.gms:play-services-measurement-api:21.2.1] AndroidManifest.xml:33:17-82
222            <meta-data
222-->[com.google.firebase:firebase-datatransport:18.1.7] AndroidManifest.xml:27:13-29:85
223                android:name="com.google.firebase.components:com.google.firebase.datatransport.TransportRegistrar"
223-->[com.google.firebase:firebase-datatransport:18.1.7] AndroidManifest.xml:28:17-115
224                android:value="com.google.firebase.components.ComponentRegistrar" />
224-->[com.google.firebase:firebase-datatransport:18.1.7] AndroidManifest.xml:29:17-82
225            <meta-data
225-->[com.google.firebase:firebase-installations:17.1.3] AndroidManifest.xml:17:13-19:85
226                android:name="com.google.firebase.components:com.google.firebase.installations.FirebaseInstallationsRegistrar"
226-->[com.google.firebase:firebase-installations:17.1.3] AndroidManifest.xml:18:17-127
227                android:value="com.google.firebase.components.ComponentRegistrar" />
227-->[com.google.firebase:firebase-installations:17.1.3] AndroidManifest.xml:19:17-82
228        </service>
229
230        <provider
230-->[:react-native-firebase_app] AndroidManifest.xml:25:9-29:38
231            android:name="io.invertase.firebase.app.ReactNativeFirebaseAppInitProvider"
231-->[:react-native-firebase_app] AndroidManifest.xml:26:13-88
232            android:authorities="com.pravisht.MhbMobile.reactnativefirebaseappinitprovider"
232-->[:react-native-firebase_app] AndroidManifest.xml:27:13-86
233            android:exported="false"
233-->[:react-native-firebase_app] AndroidManifest.xml:28:13-37
234            android:initOrder="99" />
234-->[:react-native-firebase_app] AndroidManifest.xml:29:13-35
235        <provider
235-->[:react-native-image-picker] AndroidManifest.xml:10:9-18:20
236            android:name="com.imagepicker.ImagePickerProvider"
236-->[:react-native-image-picker] AndroidManifest.xml:11:13-63
237            android:authorities="com.pravisht.MhbMobile.imagepickerprovider"
237-->[:react-native-image-picker] AndroidManifest.xml:12:13-71
238            android:exported="false"
238-->[:react-native-image-picker] AndroidManifest.xml:13:13-37
239            android:grantUriPermissions="true" >
239-->[:react-native-image-picker] AndroidManifest.xml:14:13-47
240            <meta-data
240-->[:react-native-image-picker] AndroidManifest.xml:15:13-17:70
241                android:name="android.support.FILE_PROVIDER_PATHS"
241-->[:react-native-image-picker] AndroidManifest.xml:16:17-67
242                android:resource="@xml/imagepicker_provider_paths" />
242-->[:react-native-image-picker] AndroidManifest.xml:17:17-67
243        </provider>
244        <provider
244-->[:react-native-webview] AndroidManifest.xml:10:9-18:20
245            android:name="com.reactnativecommunity.webview.RNCWebViewFileProvider"
245-->[:react-native-webview] AndroidManifest.xml:11:13-83
246            android:authorities="com.pravisht.MhbMobile.fileprovider"
246-->[:react-native-webview] AndroidManifest.xml:12:13-64
247            android:exported="false"
247-->[:react-native-webview] AndroidManifest.xml:13:13-37
248            android:grantUriPermissions="true" >
248-->[:react-native-webview] AndroidManifest.xml:14:13-47
249            <meta-data
249-->[:react-native-image-picker] AndroidManifest.xml:15:13-17:70
250                android:name="android.support.FILE_PROVIDER_PATHS"
250-->[:react-native-image-picker] AndroidManifest.xml:16:17-67
251                android:resource="@xml/file_provider_paths" />
251-->[:react-native-image-picker] AndroidManifest.xml:17:17-67
252        </provider>
253        <provider
253-->[:rn-fetch-blob] AndroidManifest.xml:34:9-42:20
254            android:name="com.RNFetchBlob.Utils.FileProvider"
254-->[:rn-fetch-blob] AndroidManifest.xml:35:13-62
255            android:authorities="com.pravisht.MhbMobile.provider"
255-->[:rn-fetch-blob] AndroidManifest.xml:36:13-60
256            android:exported="false"
256-->[:rn-fetch-blob] AndroidManifest.xml:37:13-37
257            android:grantUriPermissions="true" >
257-->[:rn-fetch-blob] AndroidManifest.xml:38:13-47
258            <meta-data
258-->[:react-native-image-picker] AndroidManifest.xml:15:13-17:70
259                android:name="android.support.FILE_PROVIDER_PATHS"
259-->[:react-native-image-picker] AndroidManifest.xml:16:17-67
260                android:resource="@xml/provider_paths" />
260-->[:react-native-image-picker] AndroidManifest.xml:17:17-67
261        </provider>
262
263        <activity
263-->[:react-native-razorpay] AndroidManifest.xml:10:9-12:86
264            android:name="com.razorpay.CheckoutActivity"
264-->[:react-native-razorpay] AndroidManifest.xml:11:13-57
265            android:configChanges="keyboard|keyboardHidden|orientation|screenSize"
265-->[:react-native-razorpay] AndroidManifest.xml:12:13-83
266            android:exported="false"
266-->[com.razorpay:checkout:1.6.39] AndroidManifest.xml:54:13-37
267            android:theme="@style/CheckoutTheme" >
267-->[com.razorpay:checkout:1.6.39] AndroidManifest.xml:55:13-49
268            <intent-filter>
268-->[com.razorpay:checkout:1.6.39] AndroidManifest.xml:56:13-58:29
269                <action android:name="android.intent.action.MAIN" />
269-->src/main/AndroidManifest.xml:26:13-65
269-->src/main/AndroidManifest.xml:26:21-62
270            </intent-filter>
271        </activity>
272
273        <receiver
273-->[com.google.android.gms:play-services-cast-framework:21.5.0] AndroidManifest.xml:15:9-125
274            android:name="com.google.android.gms.cast.framework.media.MediaIntentReceiver"
274-->[com.google.android.gms:play-services-cast-framework:21.5.0] AndroidManifest.xml:15:19-97
275            android:exported="false" />
275-->[com.google.android.gms:play-services-cast-framework:21.5.0] AndroidManifest.xml:15:98-122
276
277        <service